<testsuites id="" name="" tests="5" failures="5" skipped="0" errors="0" time="18.857317">
<testsuite name="basic.e2e.test.ts" timestamp="2025-08-24T19:18:05.597Z" hostname="chromium" tests="1" failures="1" skipped="0" time="0.009" errors="0">
<testcase name="Basic E2E Tests › should verify test framework" classname="basic.e2e.test.ts" time="0.009">
<failure message="basic.e2e.test.ts:16:3 should verify test framework" type="FAILURE">
<![CDATA[  [chromium] › basic.e2e.test.ts:16:3 › Basic E2E Tests › should verify test framework ─────────────

    Error: browserType.launch: Executable doesn't exist at /home/runner/.cache/ms-playwright/chromium_headless_shell-1181/chrome-linux/headless_shell
    ╔═════════════════════════════════════════════════════════════════════════╗
    ║ Looks like Playwright Test or Playwright was just installed or updated. ║
    ║ Please run the following command to download new browsers:              ║
    ║                                                                         ║
    ║     npx playwright install                                              ║
    ║                                                                         ║
    ║ <3 Playwright Team                                                      ║
    ╚═════════════════════════════════════════════════════════════════════════╝

    Retry #1 ───────────────────────────────────────────────────────────────────────────────────────

    Error: browserType.launch: Executable doesn't exist at /home/runner/.cache/ms-playwright/chromium_headless_shell-1181/chrome-linux/headless_shell
    ╔═════════════════════════════════════════════════════════════════════════╗
    ║ Looks like Playwright Test or Playwright was just installed or updated. ║
    ║ Please run the following command to download new browsers:              ║
    ║                                                                         ║
    ║     npx playwright install                                              ║
    ║                                                                         ║
    ║ <3 Playwright Team                                                      ║
    ╚═════════════════════════════════════════════════════════════════════════╝

    attachment #1: trace (application/zip) ─────────────────────────────────────────────────────────
    ../../test-results/playwright-artifacts/basic.e2e-Basic-E2E-Tests-should-verify-test-framework-chromium-retry1/trace.zip
    Usage:

        npx playwright show-trace ../../test-results/playwright-artifacts/basic.e2e-Basic-E2E-Tests-should-verify-test-framework-chromium-retry1/trace.zip

    ────────────────────────────────────────────────────────────────────────────────────────────────

    Retry #2 ───────────────────────────────────────────────────────────────────────────────────────

    Error: browserType.launch: Executable doesn't exist at /home/runner/.cache/ms-playwright/chromium_headless_shell-1181/chrome-linux/headless_shell
    ╔═════════════════════════════════════════════════════════════════════════╗
    ║ Looks like Playwright Test or Playwright was just installed or updated. ║
    ║ Please run the following command to download new browsers:              ║
    ║                                                                         ║
    ║     npx playwright install                                              ║
    ║                                                                         ║
    ║ <3 Playwright Team                                                      ║
    ╚═════════════════════════════════════════════════════════════════════════╝
]]>
</failure>
<system-out>
<![CDATA[
[[ATTACHMENT|../../test-results/playwright-artifacts/basic.e2e-Basic-E2E-Tests-should-verify-test-framework-chromium-retry1/trace.zip]]
]]>
</system-out>
</testcase>
</testsuite>
<testsuite name="basic.e2e.test.ts" timestamp="2025-08-24T19:18:05.597Z" hostname="firefox" tests="1" failures="1" skipped="0" time="0.009" errors="0">
<testcase name="Basic E2E Tests › should verify test framework" classname="basic.e2e.test.ts" time="0.009">
<failure message="basic.e2e.test.ts:16:3 should verify test framework" type="FAILURE">
<![CDATA[  [firefox] › basic.e2e.test.ts:16:3 › Basic E2E Tests › should verify test framework ──────────────

    Error: browserType.launch: Executable doesn't exist at /home/runner/.cache/ms-playwright/firefox-1489/firefox/firefox
    ╔═════════════════════════════════════════════════════════════════════════╗
    ║ Looks like Playwright Test or Playwright was just installed or updated. ║
    ║ Please run the following command to download new browsers:              ║
    ║                                                                         ║
    ║     npx playwright install                                              ║
    ║                                                                         ║
    ║ <3 Playwright Team                                                      ║
    ╚═════════════════════════════════════════════════════════════════════════╝

    Retry #1 ───────────────────────────────────────────────────────────────────────────────────────

    Error: browserType.launch: Executable doesn't exist at /home/runner/.cache/ms-playwright/firefox-1489/firefox/firefox
    ╔═════════════════════════════════════════════════════════════════════════╗
    ║ Looks like Playwright Test or Playwright was just installed or updated. ║
    ║ Please run the following command to download new browsers:              ║
    ║                                                                         ║
    ║     npx playwright install                                              ║
    ║                                                                         ║
    ║ <3 Playwright Team                                                      ║
    ╚═════════════════════════════════════════════════════════════════════════╝

    attachment #1: trace (application/zip) ─────────────────────────────────────────────────────────
    ../../test-results/playwright-artifacts/basic.e2e-Basic-E2E-Tests-should-verify-test-framework-firefox-retry1/trace.zip
    Usage:

        npx playwright show-trace ../../test-results/playwright-artifacts/basic.e2e-Basic-E2E-Tests-should-verify-test-framework-firefox-retry1/trace.zip

    ────────────────────────────────────────────────────────────────────────────────────────────────

    Retry #2 ───────────────────────────────────────────────────────────────────────────────────────

    Error: browserType.launch: Executable doesn't exist at /home/runner/.cache/ms-playwright/firefox-1489/firefox/firefox
    ╔═════════════════════════════════════════════════════════════════════════╗
    ║ Looks like Playwright Test or Playwright was just installed or updated. ║
    ║ Please run the following command to download new browsers:              ║
    ║                                                                         ║
    ║     npx playwright install                                              ║
    ║                                                                         ║
    ║ <3 Playwright Team                                                      ║
    ╚═════════════════════════════════════════════════════════════════════════╝
]]>
</failure>
<system-out>
<![CDATA[
[[ATTACHMENT|../../test-results/playwright-artifacts/basic.e2e-Basic-E2E-Tests-should-verify-test-framework-firefox-retry1/trace.zip]]
]]>
</system-out>
</testcase>
</testsuite>
<testsuite name="basic.e2e.test.ts" timestamp="2025-08-24T19:18:05.597Z" hostname="webkit" tests="1" failures="1" skipped="0" time="0.009" errors="0">
<testcase name="Basic E2E Tests › should verify test framework" classname="basic.e2e.test.ts" time="0.009">
<failure message="basic.e2e.test.ts:16:3 should verify test framework" type="FAILURE">
<![CDATA[  [webkit] › basic.e2e.test.ts:16:3 › Basic E2E Tests › should verify test framework ───────────────

    Error: browserType.launch: Executable doesn't exist at /home/runner/.cache/ms-playwright/webkit-2191/pw_run.sh
    ╔═════════════════════════════════════════════════════════════════════════╗
    ║ Looks like Playwright Test or Playwright was just installed or updated. ║
    ║ Please run the following command to download new browsers:              ║
    ║                                                                         ║
    ║     npx playwright install                                              ║
    ║                                                                         ║
    ║ <3 Playwright Team                                                      ║
    ╚═════════════════════════════════════════════════════════════════════════╝

    Retry #1 ───────────────────────────────────────────────────────────────────────────────────────

    Error: browserType.launch: Executable doesn't exist at /home/runner/.cache/ms-playwright/webkit-2191/pw_run.sh
    ╔═════════════════════════════════════════════════════════════════════════╗
    ║ Looks like Playwright Test or Playwright was just installed or updated. ║
    ║ Please run the following command to download new browsers:              ║
    ║                                                                         ║
    ║     npx playwright install                                              ║
    ║                                                                         ║
    ║ <3 Playwright Team                                                      ║
    ╚═════════════════════════════════════════════════════════════════════════╝

    attachment #1: trace (application/zip) ─────────────────────────────────────────────────────────
    ../../test-results/playwright-artifacts/basic.e2e-Basic-E2E-Tests-should-verify-test-framework-webkit-retry1/trace.zip
    Usage:

        npx playwright show-trace ../../test-results/playwright-artifacts/basic.e2e-Basic-E2E-Tests-should-verify-test-framework-webkit-retry1/trace.zip

    ────────────────────────────────────────────────────────────────────────────────────────────────

    Retry #2 ───────────────────────────────────────────────────────────────────────────────────────

    Error: browserType.launch: Executable doesn't exist at /home/runner/.cache/ms-playwright/webkit-2191/pw_run.sh
    ╔═════════════════════════════════════════════════════════════════════════╗
    ║ Looks like Playwright Test or Playwright was just installed or updated. ║
    ║ Please run the following command to download new browsers:              ║
    ║                                                                         ║
    ║     npx playwright install                                              ║
    ║                                                                         ║
    ║ <3 Playwright Team                                                      ║
    ╚═════════════════════════════════════════════════════════════════════════╝
]]>
</failure>
<system-out>
<![CDATA[
[[ATTACHMENT|../../test-results/playwright-artifacts/basic.e2e-Basic-E2E-Tests-should-verify-test-framework-webkit-retry1/trace.zip]]
]]>
</system-out>
</testcase>
</testsuite>
<testsuite name="basic.e2e.test.ts" timestamp="2025-08-24T19:18:05.597Z" hostname="Mobile Chrome" tests="1" failures="1" skipped="0" time="0.013" errors="0">
<testcase name="Basic E2E Tests › should verify test framework" classname="basic.e2e.test.ts" time="0.013">
<failure message="basic.e2e.test.ts:16:3 should verify test framework" type="FAILURE">
<![CDATA[  [Mobile Chrome] › basic.e2e.test.ts:16:3 › Basic E2E Tests › should verify test framework ────────

    Error: browserType.launch: Executable doesn't exist at /home/runner/.cache/ms-playwright/chromium_headless_shell-1181/chrome-linux/headless_shell
    ╔═════════════════════════════════════════════════════════════════════════╗
    ║ Looks like Playwright Test or Playwright was just installed or updated. ║
    ║ Please run the following command to download new browsers:              ║
    ║                                                                         ║
    ║     npx playwright install                                              ║
    ║                                                                         ║
    ║ <3 Playwright Team                                                      ║
    ╚═════════════════════════════════════════════════════════════════════════╝

    Retry #1 ───────────────────────────────────────────────────────────────────────────────────────

    Error: browserType.launch: Executable doesn't exist at /home/runner/.cache/ms-playwright/chromium_headless_shell-1181/chrome-linux/headless_shell
    ╔═════════════════════════════════════════════════════════════════════════╗
    ║ Looks like Playwright Test or Playwright was just installed or updated. ║
    ║ Please run the following command to download new browsers:              ║
    ║                                                                         ║
    ║     npx playwright install                                              ║
    ║                                                                         ║
    ║ <3 Playwright Team                                                      ║
    ╚═════════════════════════════════════════════════════════════════════════╝

    attachment #1: trace (application/zip) ─────────────────────────────────────────────────────────
    ../../test-results/playwright-artifacts/basic.e2e-Basic-E2E-Tests-should-verify-test-framework-Mobile-Chrome-retry1/trace.zip
    Usage:

        npx playwright show-trace ../../test-results/playwright-artifacts/basic.e2e-Basic-E2E-Tests-should-verify-test-framework-Mobile-Chrome-retry1/trace.zip

    ────────────────────────────────────────────────────────────────────────────────────────────────

    Retry #2 ───────────────────────────────────────────────────────────────────────────────────────

    Error: browserType.launch: Executable doesn't exist at /home/runner/.cache/ms-playwright/chromium_headless_shell-1181/chrome-linux/headless_shell
    ╔═════════════════════════════════════════════════════════════════════════╗
    ║ Looks like Playwright Test or Playwright was just installed or updated. ║
    ║ Please run the following command to download new browsers:              ║
    ║                                                                         ║
    ║     npx playwright install                                              ║
    ║                                                                         ║
    ║ <3 Playwright Team                                                      ║
    ╚═════════════════════════════════════════════════════════════════════════╝
]]>
</failure>
<system-out>
<![CDATA[
[[ATTACHMENT|../../test-results/playwright-artifacts/basic.e2e-Basic-E2E-Tests-should-verify-test-framework-Mobile-Chrome-retry1/trace.zip]]
]]>
</system-out>
</testcase>
</testsuite>
<testsuite name="basic.e2e.test.ts" timestamp="2025-08-24T19:18:05.597Z" hostname="Mobile Safari" tests="1" failures="1" skipped="0" time="0.009" errors="0">
<testcase name="Basic E2E Tests › should verify test framework" classname="basic.e2e.test.ts" time="0.009">
<failure message="basic.e2e.test.ts:16:3 should verify test framework" type="FAILURE">
<![CDATA[  [Mobile Safari] › basic.e2e.test.ts:16:3 › Basic E2E Tests › should verify test framework ────────

    Error: browserType.launch: Executable doesn't exist at /home/runner/.cache/ms-playwright/webkit-2191/pw_run.sh
    ╔═════════════════════════════════════════════════════════════════════════╗
    ║ Looks like Playwright Test or Playwright was just installed or updated. ║
    ║ Please run the following command to download new browsers:              ║
    ║                                                                         ║
    ║     npx playwright install                                              ║
    ║                                                                         ║
    ║ <3 Playwright Team                                                      ║
    ╚═════════════════════════════════════════════════════════════════════════╝

    Retry #1 ───────────────────────────────────────────────────────────────────────────────────────

    Error: browserType.launch: Executable doesn't exist at /home/runner/.cache/ms-playwright/webkit-2191/pw_run.sh
    ╔═════════════════════════════════════════════════════════════════════════╗
    ║ Looks like Playwright Test or Playwright was just installed or updated. ║
    ║ Please run the following command to download new browsers:              ║
    ║                                                                         ║
    ║     npx playwright install                                              ║
    ║                                                                         ║
    ║ <3 Playwright Team                                                      ║
    ╚═════════════════════════════════════════════════════════════════════════╝

    attachment #1: trace (application/zip) ─────────────────────────────────────────────────────────
    ../../test-results/playwright-artifacts/basic.e2e-Basic-E2E-Tests-should-verify-test-framework-Mobile-Safari-retry1/trace.zip
    Usage:

        npx playwright show-trace ../../test-results/playwright-artifacts/basic.e2e-Basic-E2E-Tests-should-verify-test-framework-Mobile-Safari-retry1/trace.zip

    ────────────────────────────────────────────────────────────────────────────────────────────────

    Retry #2 ───────────────────────────────────────────────────────────────────────────────────────

    Error: browserType.launch: Executable doesn't exist at /home/runner/.cache/ms-playwright/webkit-2191/pw_run.sh
    ╔═════════════════════════════════════════════════════════════════════════╗
    ║ Looks like Playwright Test or Playwright was just installed or updated. ║
    ║ Please run the following command to download new browsers:              ║
    ║                                                                         ║
    ║     npx playwright install                                              ║
    ║                                                                         ║
    ║ <3 Playwright Team                                                      ║
    ╚═════════════════════════════════════════════════════════════════════════╝
]]>
</failure>
<system-out>
<![CDATA[
[[ATTACHMENT|../../test-results/playwright-artifacts/basic.e2e-Basic-E2E-Tests-should-verify-test-framework-Mobile-Safari-retry1/trace.zip]]
]]>
</system-out>
</testcase>
</testsuite>
</testsuites>